<?xml version="1.0" encoding="UTF-8"?>
<!-- Generated by org.testng.reporters.JUnitReportReporter -->
<testsuite skipped="0" hostname="DESKTOP-2OEH57S" name="Testnggroup.flag6" tests="9" failures="0" timestamp="2022-08-20T15:54:49 IST" time="0.040" errors="0">
  <testcase name="St1" time="0.003" classname="Testnggroup.flag6"/>
  <system-out>
    <![CDATA[SMOKE TESTCASE]]>
  </system-out>
  <testcase name="ft2" time="0.003" classname="Testnggroup.flag6"/>
  <system-out>
    <![CDATA[FUNCTIONAL TESTCASE2]]>
  </system-out>
  <testcase name="St2" time="0.004" classname="Testnggroup.flag6"/>
  <system-out>
    <![CDATA[SMOKE TESTCASE2]]>
  </system-out>
  <testcase name="ft1" time="0.002" classname="Testnggroup.flag6"/>
  <system-out>
    <![CDATA[FUNCTIONAL TESTCASE]]>
  </system-out>
  <testcase name="It2" time="0.002" classname="Testnggroup.flag6"/>
  <system-out>
    <![CDATA[integration TESTCASE2]]>
  </system-out>
  <testcase name="It1" time="0.014" classname="Testnggroup.flag6"/>
  <system-out>
    <![CDATA[integration TESTCASE]]>
  </system-out>
  <testcase name="It3" time="0.008" classname="Testnggroup.flag6"/>
  <system-out>
    <![CDATA[integration TESTCASE3]]>
  </system-out>
  <testcase name="St3" time="0.002" classname="Testnggroup.flag6"/>
  <system-out>
    <![CDATA[SMOKE TESTCASE3]]>
  </system-out>
  <testcase name="ft3" time="0.002" classname="Testnggroup.flag6"/>
  <system-out>
    <![CDATA[FUNCTIONAL TESTCASE3]]>
  </system-out>
</testsuite> <!-- Testnggroup.flag6 -->
